 MPS FILE NAME [*.mps] : ap1                                                   
                                                                               
 Name :       POKER                                                            
 Objective function   :OBJ                                                     
 Column hashing       :    23612   Row    hashing :   23632                    
 RHS       name       : mRHS       RHS    records :       1                    
 BOUNDS    name       : BND1       BOUNDS records :   11356                    
                                                                               
 Number of rows       :   40880                                                
 Number of columns    :   40880                                                
 Free variables       :   11356                                                
 Number of nonzeros   :  591818                                                
 Length of long. col. :      47    column name    : x17                        
                                                                               
 MPS file is read in          1.65 sec.                                        
 SPACE IN THE    ROW FILE  : 7026719                                           
 SPACE IN THE COLUMN FILE  :10272980                                           
                                                                               
 Process: presolv                                                              
 ROWSNG:    1 columns,    1 rows removed                                       
 COLSNG:    1 columns,    1 rows removed                                       
 Presolv done...                                                               
                                                                               
 Process: scaling                                                              
 Pass 0. Average def.0.474622D+03                                              
 Pass 1. Average def.0.167948D+02                                              
 Pass 2. Average def.0.160205D+01                                              
 Pass 3. Average def.0.135757D+01                                              
 Pass 4. Average def.0.131743D+01                                              
 Pass 5. Average def.0.130432D+01                                              
 Scaling done...                                                               
                                                                               
 Process: aggregator                                                           
     0 row/cols eliminated,     0 fill-in created.                             
     0 nonzeros eliminated                                                     
 Aggregator done...                                                            
                                                                               
 Time for presolv, scaling and aggregator:     0.25 sec.                       
 Number of rows       :   40878                                                
 Number of columns    :   40878                                                
 Free variables       :   11355                                                
 No. of nonzeros      :  591807                                                
 Longest column count :      47                                                
 Obj. scaled 0.29D-01                                                          
                                                                               
 Largest sparse column length :    47                                          
 Problem has no dense columns                                                  
 Computed density parameter   :  0.0012                                        
                                                                               
 Minimum Local Fill-in Ordering with Power: 25                                 
 Building aat                 time:     0.05 sec                               
 Analyse for supernodes in aat    :        0 col                               
 Final supernodal columns disabled:    28002 col                               
 Hidden supernodal columns        :      239 col                               
 Building ordering    list    time:     0.74 sec                               
 Symbolic factorisation       time:     0.16 sec                               
 Sub-diagonal nonzeros in aat     :  1284330                                   
 Sub-diagonal nonzeros in L       :  3246701                                   
 Total symbolic phase         time:     0.95 sec                               
 NONZEROS         :     3838508                                                
 OPERATIONS       :   154437048.                                               
 Supernodes       :        1194              0                                 
 Supernodal cols. :       27047              0                                 
 Dense window     :         162                                                
 Centrality correction Power: 3                                                
 Iterative refinement  Power:15                                                
 FIRSTFACTOR TIME :        3.11 sec                                            
                                                                               
 It-PC   P.Inf   D.Inf  U.Inf   Actions           P.Obj           D.Obj  Barpar
 ------------------------------------------------------------------------------
  0-00 2.0D-01 4.0D+02 0.D+00  0   0   0  3.27435359D-01  3.27435359D-01 0.D+00
  1-13 1.0D-01 3.1D+02 0.D+00  0   0   0  3.94336498D+00 -1.29207107D+00 6.D-01
  2-13 4.8D-02 1.8D+02 0.D+00  0   0   0  8.29276393D+00 -6.38419925D+00 4.D-01
  3-13 2.1D-02 4.8D+01 0.D+00  0   0   0  1.21878157D+01 -1.79928804D+01 2.D-01
  4-13 3.7D-03 1.0D+01 0.D+00  0   0   0  1.52637979D+01 -2.17024367D+01 5.D-02
  5-13 2.4D-04 3.9D+00 0.D+00  0   0   0  9.48217310D+00 -1.18017469D+01 7.D-03
  6-10 6.4D-05 1.1D+00 0.D+00  0   0   0  6.31411608D+00 -4.59388968D+00 5.D-03
  7-12 2.1D-05 9.1D-01 0.D+00  0   0   0  3.92621625D+00 -2.02711855D+00 3.D-03
  8-13 8.8D-06 7.4D-01 0.D+00  0   0   0  2.60972497D+00 -1.11217238D+00 1.D-03
  9-13 3.6D-06 6.7D-01 0.D+00  0   0   0  1.92315187D+00 -5.58739831D-01 6.D-04
 10-13 1.9D-06 7.2D-01 0.D+00  0   0   0  1.60087188D+00 -4.87538937D-02 4.D-04
 11-13 1.5D-06 7.2D-01 0.D+00  0   0   0  1.48955197D+00  3.70171633D-02 2.D-04
 12-13 9.3D-07 7.3D-01 0.D+00  0   0   0  1.34578013D+00  1.66779016D-01 2.D-04
 13-13 6.5D-07 7.1D-01 0.D+00  0   0   0  1.25465570D+00  2.50955233D-01 1.D-04
 14-13 4.7D-07 6.1D-01 0.D+00  0   0   0  1.19195446D+00  3.77434425D-01 1.D-04
 15-12 1.9D-07 5.2D-01 0.D+00  0   0   0  1.08034642D+00  4.75026178D-01 7.D-05
 16-13 1.5D-07 5.0D-01 0.D+00  0   0   0  1.05466588D+00  4.99914035D-01 4.D-05
 17-13 6.8D-08 5.3D-01 0.D+00  0   0   0  1.00478354D+00  5.39540241D-01 3.D-05
 18-13 4.8D-08 5.3D-01 0.D+00  0   0   0  9.85505612D-01  5.64967909D-01 2.D-05
 19-13 2.9D-08 5.2D-01 0.D+00  0   0   0  9.58638322D-01  5.80803628D-01 1.D-05
                                                                               
 It-PC   P.Inf   D.Inf  U.Inf   Actions           P.Obj           D.Obj  Barpar
 ------------------------------------------------------------------------------
 20-13 1.8D-08 4.7D-01 0.D+00  0   0   0  9.34551291D-01  5.89150370D-01 9.D-06
 21-13 1.1D-08 4.4D-01 0.D+00  0   0   0  9.09332887D-01  5.93153244D-01 6.D-06
 22-13 8.6D-09 4.3D-01 0.D+00  0   0   0  8.92592084D-01  5.93956747D-01 5.D-06
 23-13 7.7D-09 4.1D-01 0.D+00  0   0   0  8.85338019D-01  5.95102644D-01 4.D-06
 24-13 5.5D-09 3.9D-01 0.D+00  0   0   0  8.63579525D-01  5.96518538D-01 3.D-06
 25-12 3.9D-09 3.7D-01 0.D+00  0   0   0  8.35725191D-01  5.97789148D-01 3.D-06
 26-13 3.4D-09 3.6D-01 0.D+00  0   0   0  8.24586867D-01  5.98484868D-01 2.D-06
 27-13 3.0D-09 3.5D-01 0.D+00  0   0   0  8.13810810D-01  5.98751593D-01 2.D-06
 28-13 2.2D-09 3.2D-01 0.D+00  0   0   0  7.88678467D-01  6.00029917D-01 2.D-06
 29-13 1.8D-09 3.1D-01 0.D+00  0   0   0  7.74031345D-01  6.00585142D-01 2.D-06
 30-13 1.5D-09 3.0D-01 0.D+00  0   0   0  7.57254191D-01  6.01099271D-01 1.D-06
 31-13 1.0D-09 2.7D-01 0.D+00  0   0   0  7.29893508D-01  6.02443162D-01 1.D-06
 32-13 7.8D-10 2.6D-01 0.D+00  0   0   0  7.05673772D-01  6.02790515D-01 1.D-06
 33-12 6.1D-10 2.5D-01 0.D+00  0   0   0  6.85007674D-01  6.03540962D-01 1.D-06
 34-13 5.8D-10 2.5D-01 0.D+00  0   0   0  6.80226418D-01  6.03931335D-01 9.D-07
 35-10 5.6D-10 2.5D-01 0.D+00  0   0   0  6.77892088D-01  6.03939977D-01 9.D-07
 36-13 4.7D-10 2.4D-01 0.D+00  0   0   0  6.65984908D-01  6.04969664D-01 9.D-07
 37-13 4.6D-10 2.3D-01 0.D+00  0   0   0  6.65360270D-01  6.06456212D-01 8.D-07
 38-13 4.1D-10 2.1D-01 0.D+00  0   0   0  6.62818016D-01  6.08680412D-01 9.D-07
 39-13 3.8D-10 1.8D-01 0.D+00  0   0   0  6.61744571D-01  6.13675619D-01 9.D-07
                                                                               
 It-PC   P.Inf   D.Inf  U.Inf   Actions           P.Obj           D.Obj  Barpar
 ------------------------------------------------------------------------------
 40-13 3.3D-10 1.4D-01 0.D+00  0   0   0  6.60168742D-01  6.19716087D-01 1.D-06
 41-12 2.9D-10 1.3D-01 0.D+00  0   0   0  6.58916876D-01  6.22214973D-01 1.D-06
 42-10 2.7D-10 1.3D-01 0.D+00  0   0   0  6.58171058D-01  6.22388318D-01 1.D-06
 43-11 1.7D-09 1.1D-01 0.D+00  0   0   0  6.58053497D-01  6.24339173D-01 1.D-06
 44-13 1.7D-09 1.1D-01 0.D+00  0   0   0  6.57592170D-01  6.25411867D-01 1.D-06
 45-12 1.5D-09 9.6D-02 0.D+00  0   0   0  6.56385495D-01  6.27085190D-01 1.D-06
 46-10 1.2D-09 6.6D-02 0.D+00  0   0   0  6.54352519D-01  6.31917131D-01 1.D-06
 47-13 8.7D-10 5.3D-02 0.D+00  0   0   0  6.51843046D-01  6.34048897D-01 1.D-06
 48-13 6.3D-10 3.8D-02 0.D+00  0   0   0  6.49840030D-01  6.36648973D-01 1.D-06
 49-10 5.6D-10 2.7D-02 0.D+00  0   0   0  6.49259267D-01  6.38457243D-01 9.D-07
 50-13 2.9D-10 1.4D-02 0.D+00  0   0   0  6.46816945D-01  6.40816727D-01 8.D-07
 51-13 1.8D-10 9.5D-03 0.D+00  0   0   0  6.45831769D-01  6.41596047D-01 5.D-07
 52-10 1.5D-10 8.1D-03 0.D+00  0   0   0  6.45552931D-01  6.41877389D-01 4.D-07
 53-10 8.0D-11 4.1D-03 0.D+00  0   0   0  6.44860139D-01  6.42712290D-01 3.D-07
 54-13 3.1D-11 2.7D-03 0.D+00  0   0   0  6.44282484D-01  6.43097787D-01 2.D-07
 55-10 2.3D-11 2.2D-03 0.D+00  0   0   0  6.44195877D-01  6.43210448D-01 1.D-07
 56-12 1.4D-11 2.1D-03 0.D+00  0   0   0  6.44077677D-01  6.43254191D-01 1.D-07
 57-13 1.8D-12 9.5D-04 0.D+00  0   0   0  6.43897307D-01  6.43528393D-01 8.D-08
 58-13 2.8D-12 6.7D-05 0.D+00  0   0   0  6.43831765D-01  6.43794995D-01 8.D-09
 59-12 1.9D-11 2.3D-05 0.D+00  0   0   0  6.43823351D-01  6.43809177D-01 4.D-09
                                                                               
 It-PC   P.Inf   D.Inf  U.Inf   Actions           P.Obj           D.Obj  Barpar
 ------------------------------------------------------------------------------
 60-13 1.3D-11 5.3D-06 0.D+00  0   0   0  6.43819416D-01  6.43815621D-01 2.D-09
 61-13 5.8D-11 4.9D-07 0.D+00  0   0   0  6.43818467D-01  6.43817917D-01 3.D-10
 62-10 7.2D-12 6.2D-10 0.D+00  0   0   0  6.43818266D-01  6.43818263D-01 0.D+00
                                                                               
 Stopping criterion : Small infeasibility and duality gap                      
 ABSOLUTE infeas.   Primal  : 7.2243D-12    Dual         :  6.1963933683D-10   
 PRIMAL :  Relative infeas. : 7.2243D-12    Objective    :  6.4381826617D-01   
 DUAL   :  Relative infeas. : 1.3219D-11    Objective    :  6.4381826303D-01   
 Complementarity gap        : 1.5602D-12    Duality gap  : -1.9103072737D-09   
 Solver time       19.88 sec.                                                  
                                                                               
 OPTIMAL SOLUTION.       OBJECTIVE  =  0.6438182662D+00                        
 TOTAL SOLUTION TIME  =       21.79 sec.                                       
